2022-05-18 12:46:28,465:INFO: Creating the dataset...
2022-05-18 12:46:59,674:INFO: Creating the dataset...
2022-05-18 12:50:26,889:INFO: Creating the dataset...
2022-05-18 12:50:43,525:INFO: Creating the dataset...
2022-05-18 12:50:43,648:INFO: - done.
2022-05-18 12:50:43,649:INFO: Starting evaluation
2022-05-18 12:51:25,185:INFO: Creating the dataset...
2022-05-18 12:51:25,248:INFO: - done.
2022-05-18 12:51:25,249:INFO: Starting evaluation
2022-05-18 12:51:52,250:INFO: Creating the dataset...
2022-05-18 12:51:52,521:INFO: - done.
2022-05-18 12:51:52,522:INFO: Starting evaluation
2022-05-18 12:52:57,392:INFO: - Eval metrics : accuracy: 0.879 ; loss: 0.512
2022-05-20 14:09:17,839:INFO: Creating the dataset...
2022-05-20 14:09:18,080:INFO: - done.
2022-05-20 14:09:18,081:INFO: Starting evaluation
2022-05-20 14:15:32,414:INFO: - Eval metrics : accuracy: 0.879 ; loss: 0.485
2022-05-24 14:07:11,205:INFO: Creating the dataset...
2022-05-24 14:07:11,456:INFO: - done.
2022-05-24 14:07:11,468:INFO: Starting evaluation
2022-05-24 14:10:12,155:INFO: Creating the dataset...
2022-05-24 14:10:12,264:INFO: - done.
2022-05-24 14:10:12,266:INFO: Starting evaluation
2022-05-24 14:18:03,504:INFO: Creating the dataset...
2022-05-24 14:18:03,604:INFO: - done.
2022-05-24 14:18:03,607:INFO: Starting evaluation
2022-05-24 14:19:56,610:INFO: Creating the dataset...
2022-05-24 14:19:56,699:INFO: - done.
2022-05-24 14:19:56,702:INFO: Starting evaluation
2022-05-24 14:21:39,003:INFO: Creating the dataset...
2022-05-24 14:21:39,105:INFO: - done.
2022-05-24 14:21:39,107:INFO: Starting evaluation
2022-05-24 14:26:13,900:INFO: Creating the dataset...
2022-05-24 14:26:13,995:INFO: - done.
2022-05-24 14:26:13,998:INFO: Starting evaluation
2022-05-24 14:27:12,162:INFO: Creating the dataset...
2022-05-24 14:27:12,273:INFO: - done.
2022-05-24 14:27:12,276:INFO: Starting evaluation
2022-05-24 14:34:15,664:INFO: Creating the dataset...
2022-05-24 14:34:15,782:INFO: - done.
2022-05-24 14:34:15,786:INFO: Starting evaluation
2022-05-24 14:34:52,984:INFO: Creating the dataset...
2022-05-24 14:34:53,094:INFO: - done.
2022-05-24 14:34:53,097:INFO: Starting evaluation
2022-05-24 14:37:17,034:INFO: Creating the dataset...
2022-05-24 14:37:17,117:INFO: - done.
2022-05-24 14:37:17,121:INFO: Starting evaluation
2022-05-24 14:38:08,465:INFO: Creating the dataset...
2022-05-24 14:38:08,547:INFO: - done.
2022-05-24 14:38:08,549:INFO: Starting evaluation
2022-05-24 14:40:40,272:INFO: - Eval metrics : accuracy: 0.879 ; precision: 0.879 ; recall: 1.000 ; f1: 0.934 ; loss: 0.485
2022-05-24 14:42:10,288:INFO: Creating the dataset...
2022-05-24 14:42:10,395:INFO: - done.
2022-05-24 14:42:10,398:INFO: Starting evaluation
2022-05-24 14:42:51,344:INFO: Creating the dataset...
2022-05-24 14:42:51,433:INFO: - done.
2022-05-24 14:42:51,436:INFO: Starting evaluation
2022-05-24 14:46:19,940:INFO: Creating the dataset...
2022-05-24 14:46:20,156:INFO: - done.
2022-05-24 14:46:20,159:INFO: Starting evaluation
2022-05-24 14:47:28,586:INFO: Creating the dataset...
2022-05-24 14:47:28,822:INFO: - done.
2022-05-24 14:47:28,825:INFO: Starting evaluation
2022-05-24 15:14:56,824:INFO: Creating the dataset...
2022-05-24 15:14:56,826:INFO: - done.
2022-05-24 15:14:56,828:INFO: Starting evaluation
2022-05-24 15:15:04,915:INFO: - Eval metrics : accuracy: 0.879 ; precision: 0.000 ; recall: 0.000 ; f1: 0.000 ; loss: 0.409
2022-05-24 15:18:14,589:INFO: Creating the dataset...
2022-05-24 15:18:14,592:INFO: - done.
2022-05-24 15:18:14,593:INFO: Starting evaluation
2022-05-24 15:18:24,149:INFO: - Eval metrics : accuracy: 0.879 ; precision: 0.000 ; recall: 0.000 ; f1: 0.000 ; loss: 0.409
2022-05-24 15:18:57,855:INFO: Creating the dataset...
2022-05-24 15:18:57,857:INFO: - done.
2022-05-24 15:18:57,858:INFO: Starting evaluation
2022-05-24 15:19:05,512:INFO: - Eval metrics : accuracy: 0.879 ; precision: 0.000 ; recall: 0.000 ; f1: 0.000 ; loss: 0.409
2022-05-24 15:20:42,908:INFO: Creating the dataset...
2022-05-24 15:20:42,910:INFO: - done.
2022-05-24 15:20:42,911:INFO: Starting evaluation
2022-05-24 15:20:50,313:INFO: - Eval metrics : accuracy: 0.800 ; precision: 0.105 ; recall: 0.136 ; f1: 0.106 ; loss: 0.504
2022-05-24 15:30:01,317:INFO: Creating the dataset...
2022-05-24 15:30:01,319:INFO: - done.
2022-05-24 15:30:01,321:INFO: Starting evaluation
2022-05-24 15:30:09,176:INFO: - Eval metrics : accuracy: 0.848 ; precision: 0.035 ; recall: 0.025 ; f1: 0.029 ; loss: 0.602
