2022-05-17 13:36:36,833:INFO: Loading the datasets...
2022-05-17 13:36:58,993:INFO: Loading the datasets...
2022-05-17 13:37:30,883:INFO: Loading the datasets...
2022-05-17 13:38:06,037:INFO: Loading the datasets...
2022-05-17 13:38:38,740:INFO: Loading the datasets...
2022-05-17 13:38:38,905:INFO: - done.
2022-05-18 09:26:11,381:INFO: Loading the datasets...
2022-05-18 09:26:31,677:INFO: Loading the datasets...
2022-05-18 09:26:31,898:INFO: - done.
2022-05-18 10:07:17,907:INFO: Loading the datasets...
2022-05-18 10:07:18,093:INFO: - done.
2022-05-18 10:09:43,841:INFO: Loading the datasets...
2022-05-18 10:09:43,977:INFO: - done.
2022-05-18 10:09:43,992:INFO: Starting training for 10 epoch(s)
2022-05-18 10:09:43,992:INFO: Epoch 1/10
2022-05-18 10:10:15,557:INFO: Loading the datasets...
2022-05-18 10:10:15,687:INFO: - done.
2022-05-18 10:10:15,697:INFO: Starting training for 10 epoch(s)
2022-05-18 10:10:15,697:INFO: Epoch 1/10
2022-05-18 10:11:07,124:INFO: Loading the datasets...
2022-05-18 10:11:07,242:INFO: - done.
2022-05-18 10:11:07,252:INFO: Starting training for 10 epoch(s)
2022-05-18 10:11:07,252:INFO: Epoch 1/10
2022-05-18 10:11:21,921:INFO: Loading the datasets...
2022-05-18 10:11:22,512:INFO: - done.
2022-05-18 10:11:22,522:INFO: Starting training for 10 epoch(s)
2022-05-18 10:11:22,522:INFO: Epoch 1/10
2022-05-18 10:13:06,475:INFO: Loading the datasets...
2022-05-18 10:13:06,593:INFO: - done.
2022-05-18 10:13:06,604:INFO: Starting training for 10 epoch(s)
2022-05-18 10:13:06,604:INFO: Epoch 1/10
2022-05-18 10:14:16,785:INFO: Loading the datasets...
2022-05-18 10:14:16,953:INFO: - done.
2022-05-18 10:14:16,963:INFO: Starting training for 10 epoch(s)
2022-05-18 10:14:16,963:INFO: Epoch 1/10
2022-05-18 10:15:31,865:INFO: Loading the datasets...
2022-05-18 10:15:32,000:INFO: - done.
2022-05-18 10:15:32,010:INFO: Starting training for 10 epoch(s)
2022-05-18 10:15:32,010:INFO: Epoch 1/10
2022-05-18 10:50:26,637:INFO: Loading the datasets...
2022-05-18 10:50:26,872:INFO: - done.
2022-05-18 10:50:56,966:INFO: Loading the datasets...
2022-05-18 10:50:57,103:INFO: - done.
2022-05-18 10:51:08,480:INFO: Loading the datasets...
2022-05-18 10:51:08,612:INFO: - done.
2022-05-18 10:51:08,613:INFO: Starting training for 10 epoch(s)
2022-05-18 10:51:08,613:INFO: Epoch 1/10
2022-05-18 10:54:02,546:INFO: Loading the datasets...
2022-05-18 10:54:02,774:INFO: - done.
2022-05-18 10:54:02,775:INFO: Starting training for 10 epoch(s)
2022-05-18 10:54:02,775:INFO: Epoch 1/10
2022-05-18 10:59:26,438:INFO: Loading the datasets...
2022-05-18 10:59:26,672:INFO: - done.
2022-05-18 10:59:26,673:INFO: Starting training for 10 epoch(s)
2022-05-18 10:59:26,673:INFO: Epoch 1/10
2022-05-18 11:00:42,460:INFO: Loading the datasets...
2022-05-18 11:00:42,588:INFO: - done.
2022-05-18 11:00:54,348:INFO: Loading the datasets...
2022-05-18 11:00:54,471:INFO: - done.
2022-05-18 11:01:07,927:INFO: Loading the datasets...
2022-05-18 11:01:08,063:INFO: - done.
2022-05-18 11:01:08,064:INFO: Starting training for 10 epoch(s)
2022-05-18 11:01:08,064:INFO: Epoch 1/10
2022-05-18 11:01:26,136:INFO: Loading the datasets...
2022-05-18 11:01:26,267:INFO: - done.
2022-05-18 11:01:26,268:INFO: Starting training for 10 epoch(s)
2022-05-18 11:01:26,268:INFO: Epoch 1/10
2022-05-18 11:02:10,706:INFO: Loading the datasets...
2022-05-18 11:02:10,838:INFO: - done.
2022-05-18 11:02:10,839:INFO: Starting training for 10 epoch(s)
2022-05-18 11:02:10,839:INFO: Epoch 1/10
2022-05-18 11:06:23,165:INFO: Loading the datasets...
2022-05-18 11:06:23,370:INFO: - done.
2022-05-18 11:06:23,371:INFO: Starting training for 10 epoch(s)
2022-05-18 11:06:23,371:INFO: Epoch 1/10
2022-05-18 11:06:58,673:INFO: Loading the datasets...
2022-05-18 11:06:58,795:INFO: - done.
2022-05-18 11:06:58,796:INFO: Starting training for 10 epoch(s)
2022-05-18 11:06:58,796:INFO: Epoch 1/10
2022-05-18 11:07:12,103:INFO: Loading the datasets...
2022-05-18 11:07:12,240:INFO: - done.
2022-05-18 11:07:12,241:INFO: Starting training for 10 epoch(s)
2022-05-18 11:07:12,241:INFO: Epoch 1/10
2022-05-18 11:07:50,721:INFO: Loading the datasets...
2022-05-18 11:07:50,862:INFO: - done.
2022-05-18 11:07:50,863:INFO: Starting training for 10 epoch(s)
2022-05-18 11:07:50,863:INFO: Epoch 1/10
2022-05-18 11:09:59,566:INFO: Loading the datasets...
2022-05-18 11:09:59,690:INFO: - done.
2022-05-18 11:09:59,691:INFO: Starting training for 10 epoch(s)
2022-05-18 11:09:59,691:INFO: Epoch 1/10
2022-05-18 11:10:45,488:INFO: Loading the datasets...
2022-05-18 11:10:45,620:INFO: - done.
2022-05-18 11:10:45,621:INFO: Starting training for 10 epoch(s)
2022-05-18 11:10:45,621:INFO: Epoch 1/10
2022-05-18 11:14:17,749:INFO: Loading the datasets...
2022-05-18 11:14:17,883:INFO: - done.
2022-05-18 11:14:17,884:INFO: Starting training for 10 epoch(s)
2022-05-18 11:14:17,884:INFO: Epoch 1/10
2022-05-18 11:15:21,908:INFO: Loading the datasets...
2022-05-18 11:15:22,041:INFO: - done.
2022-05-18 11:15:22,042:INFO: Starting training for 10 epoch(s)
2022-05-18 11:15:22,042:INFO: Epoch 1/10
2022-05-18 11:17:35,372:INFO: Loading the datasets...
2022-05-18 11:17:35,587:INFO: - done.
2022-05-18 11:17:35,588:INFO: Starting training for 10 epoch(s)
2022-05-18 11:17:35,588:INFO: Epoch 1/10
2022-05-18 11:17:52,135:INFO: Loading the datasets...
2022-05-18 11:17:52,241:INFO: - done.
2022-05-18 11:17:52,241:INFO: Starting training for 10 epoch(s)
2022-05-18 11:17:52,242:INFO: Epoch 1/10
2022-05-18 11:19:43,949:INFO: Loading the datasets...
2022-05-18 11:19:44,098:INFO: - done.
2022-05-18 11:19:44,099:INFO: Starting training for 10 epoch(s)
2022-05-18 11:19:44,099:INFO: Epoch 1/10
2022-05-18 11:20:53,857:INFO: Loading the datasets...
2022-05-18 11:20:54,024:INFO: - done.
2022-05-18 11:20:54,025:INFO: Starting training for 10 epoch(s)
2022-05-18 11:20:54,025:INFO: Epoch 1/10
2022-05-18 11:21:28,864:INFO: Loading the datasets...
2022-05-18 11:21:29,102:INFO: - done.
2022-05-18 11:21:29,103:INFO: Starting training for 10 epoch(s)
2022-05-18 11:21:29,103:INFO: Epoch 1/10
2022-05-18 11:22:33,896:INFO: - Train metrics: accuracy: 0.800 ; loss: 0.639
2022-05-18 11:23:41,402:INFO: - Eval metrics : accuracy: 0.000 ; loss: 1.003
2022-05-18 11:23:41,406:INFO: - Found new best accuracy
2022-05-18 11:23:41,406:INFO: Epoch 2/10
2022-05-18 11:24:39,624:INFO: - Train metrics: accuracy: 1.000 ; loss: 0.041
2022-05-18 11:25:39,929:INFO: - Eval metrics : accuracy: 0.000 ; loss: 1.692
2022-05-18 11:25:39,931:INFO: - Found new best accuracy
2022-05-18 11:25:39,931:INFO: Epoch 3/10
2022-05-18 11:26:41,602:INFO: - Train metrics: accuracy: 1.000 ; loss: 0.010
2022-05-18 11:27:40,338:INFO: - Eval metrics : accuracy: 0.000 ; loss: 0.884
2022-05-18 11:27:40,340:INFO: - Found new best accuracy
2022-05-18 11:27:40,340:INFO: Epoch 4/10
2022-05-18 11:28:33,755:INFO: - Train metrics: accuracy: 1.000 ; loss: 0.019
2022-05-18 11:29:40,521:INFO: - Eval metrics : accuracy: 0.000 ; loss: 2.356
2022-05-18 11:29:40,524:INFO: - Found new best accuracy
2022-05-18 11:29:40,524:INFO: Epoch 5/10
2022-05-18 11:35:19,751:INFO: Loading the datasets...
2022-05-18 11:35:27,137:INFO: Loading the datasets...
2022-05-18 11:35:27,384:INFO: - done.
2022-05-18 11:35:27,385:INFO: Starting training for 10 epoch(s)
2022-05-18 11:35:27,385:INFO: Epoch 1/10
2022-05-18 11:36:06,174:INFO: Loading the datasets...
2022-05-18 11:36:06,290:INFO: - done.
2022-05-18 11:36:06,291:INFO: Starting training for 10 epoch(s)
2022-05-18 11:36:06,291:INFO: Epoch 1/10
2022-05-18 11:47:50,701:INFO: Loading the datasets...
2022-05-18 11:47:51,013:INFO: - done.
2022-05-18 11:47:51,013:INFO: Starting training for 10 epoch(s)
2022-05-18 11:47:51,014:INFO: Epoch 1/10
2022-05-18 11:48:09,118:INFO: Loading the datasets...
2022-05-18 11:48:09,237:INFO: - done.
2022-05-18 11:48:09,238:INFO: Starting training for 10 epoch(s)
2022-05-18 11:48:09,238:INFO: Epoch 1/10
2022-05-18 11:48:36,880:INFO: Loading the datasets...
2022-05-18 11:48:37,000:INFO: - done.
2022-05-18 11:48:37,002:INFO: Starting training for 10 epoch(s)
2022-05-18 11:48:37,002:INFO: Epoch 1/10
2022-05-18 11:51:46,698:INFO: Loading the datasets...
2022-05-18 11:51:46,864:INFO: - done.
2022-05-18 11:51:46,865:INFO: Starting training for 10 epoch(s)
2022-05-18 11:51:46,866:INFO: Epoch 1/10
2022-05-18 11:52:06,690:INFO: Loading the datasets...
2022-05-18 11:52:06,822:INFO: - done.
2022-05-18 11:52:06,823:INFO: Starting training for 10 epoch(s)
2022-05-18 11:52:06,823:INFO: Epoch 1/10
2022-05-18 11:53:03,277:INFO: - Train metrics: accuracy: 0.800 ; loss: 0.639
2022-05-18 11:53:56,653:INFO: - Eval metrics : accuracy: 0.000 ; loss: 1.003
2022-05-18 11:53:56,656:INFO: - Found new best accuracy
2022-05-18 11:53:56,656:INFO: Epoch 2/10
2022-05-18 11:54:51,512:INFO: - Train metrics: accuracy: 1.000 ; loss: 0.041
2022-05-18 11:55:52,883:INFO: - Eval metrics : accuracy: 0.000 ; loss: 1.692
2022-05-18 11:55:52,886:INFO: - Found new best accuracy
2022-05-18 11:55:52,886:INFO: Epoch 3/10
2022-05-18 11:56:52,284:INFO: - Train metrics: accuracy: 1.000 ; loss: 0.010
2022-05-18 11:57:52,354:INFO: - Eval metrics : accuracy: 0.000 ; loss: 0.884
2022-05-18 11:57:52,356:INFO: - Found new best accuracy
2022-05-18 11:57:52,357:INFO: Epoch 4/10
2022-05-18 11:58:49,204:INFO: - Train metrics: accuracy: 1.000 ; loss: 0.019
2022-05-18 12:03:34,060:INFO: Loading the datasets...
2022-05-18 12:03:34,244:INFO: - done.
2022-05-18 12:03:34,245:INFO: Starting training for 10 epoch(s)
2022-05-18 12:03:34,245:INFO: Epoch 1/10
2022-05-18 12:04:15,322:INFO: Loading the datasets...
2022-05-18 12:04:15,463:INFO: - done.
2022-05-18 12:04:15,464:INFO: Starting training for 10 epoch(s)
2022-05-18 12:04:15,464:INFO: Epoch 1/10
2022-05-18 12:05:21,340:INFO: - Train metrics: accuracy: 0.800 ; loss: 0.639
2022-05-18 12:09:57,016:INFO: Loading the datasets...
2022-05-18 12:09:57,235:INFO: - done.
2022-05-18 12:09:57,236:INFO: Starting training for 10 epoch(s)
2022-05-18 12:09:57,236:INFO: Epoch 1/10
2022-05-18 12:10:51,528:INFO: - Train metrics: accuracy: 0.800 ; loss: 0.639
2022-05-18 12:11:50,182:INFO: - Eval metrics : accuracy: 0.000 ; loss: 1.003
2022-05-18 12:11:50,184:INFO: - Found new best accuracy
2022-05-18 12:11:50,184:INFO: Epoch 2/10
2022-05-18 12:12:47,151:INFO: - Train metrics: accuracy: 1.000 ; loss: 0.041
2022-05-18 12:13:48,023:INFO: - Eval metrics : accuracy: 0.000 ; loss: 1.692
2022-05-18 12:13:48,025:INFO: - Found new best accuracy
2022-05-18 12:13:48,025:INFO: Epoch 3/10
2022-05-18 12:16:51,767:INFO: Loading the datasets...
2022-05-18 12:16:51,945:INFO: - done.
2022-05-18 12:16:51,946:INFO: Starting training for 10 epoch(s)
2022-05-18 12:16:51,946:INFO: Epoch 1/10
2022-05-18 12:17:51,380:INFO: - Train metrics: accuracy: 0.800 ; loss: 0.639
2022-05-18 12:19:00,223:INFO: - Eval metrics : accuracy: 0.609 ; loss: 1.003
2022-05-18 12:19:00,226:INFO: - Found new best accuracy
2022-05-18 12:19:00,226:INFO: Epoch 2/10
2022-05-18 12:19:54,007:INFO: - Train metrics: accuracy: 1.000 ; loss: 0.041
2022-05-18 12:20:44,569:INFO: - Eval metrics : accuracy: 0.609 ; loss: 1.692
2022-05-18 12:20:44,571:INFO: - Found new best accuracy
2022-05-18 12:20:44,571:INFO: Epoch 3/10
2022-05-18 12:22:03,220:INFO: Loading the datasets...
2022-05-18 12:22:03,481:INFO: - done.
2022-05-18 12:22:03,482:INFO: Starting training for 10 epoch(s)
2022-05-18 12:22:03,482:INFO: Epoch 1/10
2022-05-18 12:22:56,206:INFO: - Train metrics: accuracy: 0.667 ; loss: 1.070
2022-05-18 12:23:55,387:INFO: - Eval metrics : accuracy: 0.609 ; loss: 1.003
2022-05-18 12:23:55,390:INFO: - Found new best accuracy
2022-05-18 12:23:55,390:INFO: Epoch 2/10
2022-05-18 12:24:56,581:INFO: - Train metrics: accuracy: 0.833 ; loss: 0.297
2022-05-18 12:25:57,212:INFO: - Eval metrics : accuracy: 0.609 ; loss: 1.692
2022-05-18 12:25:57,214:INFO: - Found new best accuracy
2022-05-18 12:25:57,214:INFO: Epoch 3/10
2022-05-18 12:26:52,050:INFO: - Train metrics: accuracy: 0.833 ; loss: 0.290
2022-05-18 12:27:45,775:INFO: - Eval metrics : accuracy: 0.607 ; loss: 0.884
2022-05-18 12:27:45,777:INFO: Epoch 4/10
2022-05-18 12:28:40,595:INFO: - Train metrics: accuracy: 1.000 ; loss: 0.068
2022-05-18 12:29:34,311:INFO: - Eval metrics : accuracy: 0.388 ; loss: 2.356
2022-05-18 12:29:34,315:INFO: Epoch 5/10
2022-05-18 12:30:20,770:INFO: - Train metrics: accuracy: 0.867 ; loss: 0.296
2022-05-18 12:31:05,775:INFO: - Eval metrics : accuracy: 0.523 ; loss: 1.076
2022-05-18 12:31:05,777:INFO: Epoch 6/10
2022-05-18 12:31:51,968:INFO: - Train metrics: accuracy: 1.000 ; loss: 0.016
2022-05-18 12:32:38,059:INFO: - Eval metrics : accuracy: 0.606 ; loss: 1.809
2022-05-18 12:32:38,062:INFO: Epoch 7/10
2022-05-18 12:33:32,169:INFO: - Train metrics: accuracy: 1.000 ; loss: 0.008
2022-05-18 12:34:29,118:INFO: - Eval metrics : accuracy: 0.589 ; loss: 1.749
2022-05-18 12:34:29,120:INFO: Epoch 8/10
2022-05-18 12:35:18,473:INFO: - Train metrics: accuracy: 1.000 ; loss: 0.006
2022-05-18 12:36:06,869:INFO: - Eval metrics : accuracy: 0.587 ; loss: 1.665
2022-05-18 12:36:06,872:INFO: Epoch 9/10
2022-05-18 12:36:54,396:INFO: - Train metrics: accuracy: 1.000 ; loss: 0.004
2022-05-18 12:37:45,504:INFO: - Eval metrics : accuracy: 0.597 ; loss: 1.665
2022-05-18 12:37:45,506:INFO: Epoch 10/10
2022-05-18 12:38:34,253:INFO: - Train metrics: accuracy: 1.000 ; loss: 0.003
2022-05-18 12:39:26,979:INFO: - Eval metrics : accuracy: 0.593 ; loss: 1.697
2022-05-19 17:23:27,202:INFO: Loading the datasets...
2022-05-19 17:23:55,207:INFO: Loading the datasets...
2022-05-19 17:23:56,043:INFO: - done.
2022-05-19 17:23:56,044:INFO: Starting training for 10 epoch(s)
2022-05-19 17:23:56,044:INFO: Epoch 1/10
2022-05-19 17:25:55,337:INFO: Loading the datasets...
2022-05-19 17:25:55,892:INFO: - done.
2022-05-19 17:25:55,893:INFO: Starting training for 10 epoch(s)
2022-05-19 17:25:55,893:INFO: Epoch 1/10
2022-05-19 17:32:12,045:INFO: Loading the datasets...
2022-05-19 17:32:19,966:INFO: - done.
2022-05-19 17:32:19,967:INFO: Starting training for 10 epoch(s)
2022-05-19 17:32:19,968:INFO: Epoch 1/10
2022-05-19 17:39:55,225:INFO: Loading the datasets...
2022-05-19 17:39:55,898:INFO: - done.
2022-05-19 17:39:55,899:INFO: Starting training for 10 epoch(s)
2022-05-19 17:39:55,899:INFO: Epoch 1/10
2022-05-19 17:52:54,985:INFO: - Train metrics: accuracy: 0.469 ; loss: 0.852
2022-05-19 18:01:48,637:INFO: - Eval metrics : accuracy: 0.600 ; loss: 0.682
2022-05-19 18:01:48,639:INFO: - Found new best accuracy
2022-05-19 18:01:48,640:INFO: Epoch 2/10
2022-05-19 18:10:24,465:INFO: Loading the datasets...
2022-05-19 18:10:25,030:INFO: - done.
2022-05-19 18:10:25,031:INFO: Starting training for 10 epoch(s)
2022-05-19 18:10:25,031:INFO: Epoch 1/10
2022-05-19 18:15:37,839:INFO: Loading the datasets...
2022-05-19 18:15:38,407:INFO: - done.
2022-05-19 18:15:38,408:INFO: Starting training for 10 epoch(s)
2022-05-19 18:15:38,408:INFO: Epoch 1/10
2022-05-19 18:20:23,242:INFO: Loading the datasets...
2022-05-19 18:20:24,286:INFO: - done.
2022-05-19 18:20:24,288:INFO: Starting training for 10 epoch(s)
2022-05-19 18:20:24,288:INFO: Epoch 1/10
2022-05-19 18:23:33,306:INFO: Loading the datasets...
2022-05-19 18:23:34,018:INFO: - done.
2022-05-19 18:23:34,019:INFO: Starting training for 10 epoch(s)
2022-05-19 18:23:34,019:INFO: Epoch 1/10
2022-05-19 18:30:48,559:INFO: Loading the datasets...
2022-05-19 18:30:49,515:INFO: - done.
2022-05-19 18:30:49,517:INFO: Starting training for 10 epoch(s)
2022-05-19 18:30:49,517:INFO: Epoch 1/10
2022-05-19 18:47:57,980:INFO: Loading the datasets...
2022-05-19 18:47:59,377:INFO: - done.
2022-05-19 18:47:59,379:INFO: Starting training for 10 epoch(s)
2022-05-19 18:47:59,379:INFO: Epoch 1/10
2022-05-19 19:24:20,649:INFO: - Train metrics: accuracy: 0.609 ; loss: 0.694
2022-05-19 19:56:47,432:INFO: - Eval metrics : accuracy: 0.612 ; loss: 0.695
2022-05-19 19:56:47,436:INFO: - Found new best accuracy
2022-05-19 19:56:47,437:INFO: Epoch 2/10
2022-05-19 20:08:10,980:INFO: - Train metrics: accuracy: 0.734 ; loss: 0.574
2022-05-19 20:20:51,391:INFO: - Eval metrics : accuracy: 0.612 ; loss: 0.701
2022-05-19 20:20:51,394:INFO: - Found new best accuracy
2022-05-19 20:20:51,394:INFO: Epoch 3/10
2022-05-19 20:35:05,699:INFO: - Train metrics: accuracy: 0.734 ; loss: 0.553
2022-05-19 20:48:59,300:INFO: - Eval metrics : accuracy: 0.612 ; loss: 0.700
2022-05-19 20:48:59,306:INFO: - Found new best accuracy
2022-05-19 20:48:59,306:INFO: Epoch 4/10
2022-05-19 21:04:45,915:INFO: - Train metrics: accuracy: 0.750 ; loss: 0.527
2022-05-19 21:22:20,981:INFO: - Eval metrics : accuracy: 0.609 ; loss: 0.699
2022-05-19 21:22:20,984:INFO: Epoch 5/10
2022-05-19 21:40:00,579:INFO: - Train metrics: accuracy: 0.750 ; loss: 0.505
2022-05-19 21:53:04,085:INFO: - Eval metrics : accuracy: 0.604 ; loss: 0.723
2022-05-19 21:53:04,089:INFO: Epoch 6/10
2022-05-19 22:05:20,804:INFO: - Train metrics: accuracy: 0.750 ; loss: 0.485
2022-05-19 22:23:08,395:INFO: - Eval metrics : accuracy: 0.598 ; loss: 0.730
2022-05-19 22:23:08,401:INFO: Epoch 7/10
2022-05-19 22:42:18,077:INFO: - Train metrics: accuracy: 0.766 ; loss: 0.457
2022-05-19 23:01:24,413:INFO: - Eval metrics : accuracy: 0.593 ; loss: 0.724
2022-05-19 23:01:24,416:INFO: Epoch 8/10
2022-05-19 23:20:32,121:INFO: - Train metrics: accuracy: 0.781 ; loss: 0.432
2022-05-19 23:39:36,102:INFO: - Eval metrics : accuracy: 0.592 ; loss: 0.744
2022-05-19 23:39:36,108:INFO: Epoch 9/10
2022-05-19 23:50:33,905:INFO: - Train metrics: accuracy: 0.781 ; loss: 0.412
2022-05-19 23:57:11,145:INFO: - Eval metrics : accuracy: 0.573 ; loss: 0.752
2022-05-19 23:57:11,148:INFO: Epoch 10/10
2022-05-20 00:02:56,889:INFO: - Train metrics: accuracy: 0.828 ; loss: 0.379
2022-05-20 00:08:31,904:INFO: - Eval metrics : accuracy: 0.603 ; loss: 0.776
2022-05-24 14:52:44,733:INFO: Loading the datasets...
2022-05-24 14:52:45,135:INFO: - done.
2022-05-24 14:52:45,140:INFO: Starting training for 10 epoch(s)
2022-05-24 14:52:45,140:INFO: Epoch 1/10
2022-05-24 14:55:36,663:INFO: - Train metrics: accuracy: 0.047 ; precision: 00nan ; recall: 0.188 ; f1: 00nan ; loss: 0.616
2022-05-24 14:55:50,902:INFO: Loading the datasets...
2022-05-24 14:55:51,069:INFO: - done.
2022-05-24 14:55:51,072:INFO: Starting training for 10 epoch(s)
2022-05-24 14:55:51,072:INFO: Epoch 1/10
2022-05-24 14:57:58,256:INFO: Loading the datasets...
2022-05-24 14:57:58,584:INFO: - done.
2022-05-24 14:57:58,586:INFO: Starting training for 10 epoch(s)
2022-05-24 14:57:58,587:INFO: Epoch 1/10
2022-05-24 15:00:04,195:INFO: Loading the datasets...
2022-05-24 15:00:04,406:INFO: - done.
2022-05-24 15:00:04,408:INFO: Starting training for 10 epoch(s)
2022-05-24 15:00:04,408:INFO: Epoch 1/10
2022-05-24 15:03:55,670:INFO: Loading the datasets...
2022-05-24 15:03:55,677:INFO: - done.
2022-05-24 15:03:55,682:INFO: Starting training for 10 epoch(s)
2022-05-24 15:03:55,682:INFO: Epoch 1/10
2022-05-24 15:04:06,338:INFO: - Train metrics: accuracy: 0.047 ; precision: 0.107 ; recall: 0.187 ; f1: 0.136 ; loss: 0.645
2022-05-24 15:04:14,436:INFO: - Eval metrics : accuracy: 0.000 ; precision: 0.000 ; recall: 0.000 ; f1: 0.000 ; loss: 0.690
2022-05-24 15:04:14,444:INFO: - Found new best accuracy
2022-05-24 15:04:14,444:INFO: Epoch 2/10
2022-05-24 15:04:24,649:INFO: - Train metrics: accuracy: 0.047 ; precision: 0.375 ; recall: 0.208 ; f1: 0.214 ; loss: 0.512
2022-05-24 15:04:32,463:INFO: - Eval metrics : accuracy: 0.000 ; precision: 0.000 ; recall: 0.000 ; f1: 0.000 ; loss: 0.753
2022-05-24 15:04:32,467:INFO: - Found new best accuracy
2022-05-24 15:04:32,468:INFO: Epoch 3/10
2022-05-24 15:04:42,565:INFO: - Train metrics: accuracy: 0.156 ; precision: 1.000 ; recall: 0.625 ; f1: 0.731 ; loss: 0.349
2022-05-24 15:04:50,530:INFO: - Eval metrics : accuracy: 0.020 ; precision: 0.246 ; recall: 0.044 ; f1: 0.073 ; loss: 0.828
2022-05-24 15:04:50,535:INFO: - Found new best accuracy
2022-05-24 15:04:50,535:INFO: Epoch 4/10
2022-05-24 15:05:00,668:INFO: - Train metrics: accuracy: 0.234 ; precision: 1.000 ; recall: 0.875 ; f1: 0.917 ; loss: 0.244
2022-05-24 15:05:08,427:INFO: - Eval metrics : accuracy: 0.066 ; precision: 0.350 ; recall: 0.161 ; f1: 0.209 ; loss: 0.828
2022-05-24 15:05:08,430:INFO: - Found new best accuracy
2022-05-24 15:05:08,431:INFO: Epoch 5/10
2022-05-24 15:05:18,699:INFO: - Train metrics: accuracy: 0.234 ; precision: 1.000 ; recall: 0.917 ; f1: 0.950 ; loss: 0.205
2022-05-24 15:05:26,738:INFO: - Eval metrics : accuracy: 0.113 ; precision: 0.357 ; recall: 0.282 ; f1: 0.300 ; loss: 0.847
2022-05-24 15:05:26,741:INFO: - Found new best accuracy
2022-05-24 15:05:26,742:INFO: Epoch 6/10
2022-05-24 15:05:37,047:INFO: - Train metrics: accuracy: 0.266 ; precision: 1.000 ; recall: 1.000 ; f1: 1.000 ; loss: 0.115
2022-05-24 15:05:44,807:INFO: - Eval metrics : accuracy: 0.196 ; precision: 0.354 ; recall: 0.494 ; f1: 0.395 ; loss: 0.976
2022-05-24 15:05:44,810:INFO: - Found new best accuracy
2022-05-24 15:05:44,811:INFO: Epoch 7/10
2022-05-24 15:05:54,881:INFO: - Train metrics: accuracy: 0.250 ; precision: 1.000 ; recall: 0.937 ; f1: 0.964 ; loss: 0.130
2022-05-24 15:06:02,632:INFO: - Eval metrics : accuracy: 0.016 ; precision: 0.224 ; recall: 0.042 ; f1: 0.069 ; loss: 1.198
2022-05-24 15:06:02,635:INFO: Epoch 8/10
2022-05-24 15:06:12,702:INFO: - Train metrics: accuracy: 0.234 ; precision: 1.000 ; recall: 0.875 ; f1: 0.917 ; loss: 0.092
2022-05-24 15:06:20,442:INFO: - Eval metrics : accuracy: 0.061 ; precision: 0.327 ; recall: 0.151 ; f1: 0.192 ; loss: 1.060
2022-05-24 15:06:20,445:INFO: Epoch 9/10
2022-05-24 15:06:30,519:INFO: - Train metrics: accuracy: 0.266 ; precision: 1.000 ; recall: 1.000 ; f1: 1.000 ; loss: 0.042
2022-05-24 15:06:38,277:INFO: - Eval metrics : accuracy: 0.056 ; precision: 0.350 ; recall: 0.140 ; f1: 0.187 ; loss: 1.085
2022-05-24 15:06:38,281:INFO: Epoch 10/10
2022-05-24 15:06:48,349:INFO: - Train metrics: accuracy: 0.266 ; precision: 1.000 ; recall: 1.000 ; f1: 1.000 ; loss: 0.034
2022-05-24 15:06:56,089:INFO: - Eval metrics : accuracy: 0.046 ; precision: 0.375 ; recall: 0.116 ; f1: 0.167 ; loss: 1.149
2022-05-24 15:08:31,623:INFO: Loading the datasets...
2022-05-24 15:08:31,629:INFO: - done.
2022-05-24 15:08:31,633:INFO: Starting training for 10 epoch(s)
2022-05-24 15:08:31,633:INFO: Epoch 1/10
2022-05-24 15:11:01,353:INFO: Loading the datasets...
2022-05-24 15:11:01,358:INFO: - done.
2022-05-24 15:11:01,363:INFO: Starting training for 10 epoch(s)
2022-05-24 15:11:01,363:INFO: Epoch 1/10
2022-05-24 15:11:11,973:INFO: - Train metrics: accuracy: 0.672 ; precision: 0.107 ; recall: 0.187 ; f1: 0.136 ; loss: 0.645
2022-05-24 15:11:19,985:INFO: - Eval metrics : accuracy: 0.612 ; precision: 0.000 ; recall: 0.000 ; f1: 0.000 ; loss: 0.690
2022-05-24 15:11:19,993:INFO: - Found new best accuracy
2022-05-24 15:11:19,994:INFO: Epoch 2/10
2022-05-24 15:11:30,159:INFO: - Train metrics: accuracy: 0.750 ; precision: 0.375 ; recall: 0.208 ; f1: 0.214 ; loss: 0.512
2022-05-24 15:11:38,195:INFO: - Eval metrics : accuracy: 0.612 ; precision: 0.000 ; recall: 0.000 ; f1: 0.000 ; loss: 0.753
2022-05-24 15:11:38,199:INFO: - Found new best accuracy
2022-05-24 15:11:38,200:INFO: Epoch 3/10
2022-05-24 15:11:48,742:INFO: - Train metrics: accuracy: 0.891 ; precision: 1.000 ; recall: 0.625 ; f1: 0.731 ; loss: 0.349
2022-05-24 15:11:56,848:INFO: - Eval metrics : accuracy: 0.606 ; precision: 0.246 ; recall: 0.044 ; f1: 0.073 ; loss: 0.828
2022-05-24 15:11:56,851:INFO: Epoch 4/10
2022-05-24 15:12:07,365:INFO: - Train metrics: accuracy: 0.969 ; precision: 1.000 ; recall: 0.875 ; f1: 0.917 ; loss: 0.244
2022-05-24 15:12:15,443:INFO: - Eval metrics : accuracy: 0.586 ; precision: 0.350 ; recall: 0.161 ; f1: 0.209 ; loss: 0.828
2022-05-24 15:12:15,447:INFO: Epoch 5/10
2022-05-24 15:12:26,091:INFO: - Train metrics: accuracy: 0.969 ; precision: 1.000 ; recall: 0.917 ; f1: 0.950 ; loss: 0.205
2022-05-24 15:12:33,982:INFO: - Eval metrics : accuracy: 0.526 ; precision: 0.357 ; recall: 0.282 ; f1: 0.300 ; loss: 0.847
2022-05-24 15:12:33,986:INFO: Epoch 6/10
2022-05-24 15:12:44,176:INFO: - Train metrics: accuracy: 1.000 ; precision: 1.000 ; recall: 1.000 ; f1: 1.000 ; loss: 0.115
2022-05-24 15:12:52,000:INFO: - Eval metrics : accuracy: 0.439 ; precision: 0.354 ; recall: 0.494 ; f1: 0.395 ; loss: 0.976
2022-05-24 15:12:52,003:INFO: Epoch 7/10
2022-05-24 15:13:02,151:INFO: - Train metrics: accuracy: 0.984 ; precision: 1.000 ; recall: 0.937 ; f1: 0.964 ; loss: 0.130
2022-05-24 15:13:09,966:INFO: - Eval metrics : accuracy: 0.599 ; precision: 0.224 ; recall: 0.042 ; f1: 0.069 ; loss: 1.198
2022-05-24 15:13:09,970:INFO: Epoch 8/10
2022-05-24 15:13:20,118:INFO: - Train metrics: accuracy: 0.969 ; precision: 1.000 ; recall: 0.875 ; f1: 0.917 ; loss: 0.092
2022-05-24 15:13:27,905:INFO: - Eval metrics : accuracy: 0.575 ; precision: 0.327 ; recall: 0.151 ; f1: 0.192 ; loss: 1.060
2022-05-24 15:13:27,908:INFO: Epoch 9/10
2022-05-24 15:13:38,049:INFO: - Train metrics: accuracy: 1.000 ; precision: 1.000 ; recall: 1.000 ; f1: 1.000 ; loss: 0.042
2022-05-24 15:13:45,841:INFO: - Eval metrics : accuracy: 0.572 ; precision: 0.350 ; recall: 0.140 ; f1: 0.187 ; loss: 1.085
2022-05-24 15:13:45,845:INFO: Epoch 10/10
2022-05-24 15:13:55,995:INFO: - Train metrics: accuracy: 1.000 ; precision: 1.000 ; recall: 1.000 ; f1: 1.000 ; loss: 0.034
2022-05-24 15:14:03,791:INFO: - Eval metrics : accuracy: 0.584 ; precision: 0.375 ; recall: 0.116 ; f1: 0.167 ; loss: 1.149
2022-05-24 15:27:03,075:INFO: Loading the datasets...
2022-05-24 15:27:03,078:INFO: - done.
2022-05-24 15:27:03,079:INFO: Starting training for 10 epoch(s)
2022-05-24 15:27:03,079:INFO: Epoch 1/10
2022-05-24 15:27:12,983:INFO: - Train metrics: accuracy: 0.562 ; precision: 0.317 ; recall: 0.354 ; f1: 0.301 ; loss: 0.677
2022-05-24 15:27:20,310:INFO: - Eval metrics : accuracy: 0.442 ; precision: 0.390 ; recall: 0.734 ; f1: 0.492 ; loss: 0.695
2022-05-24 15:27:20,316:INFO: - Found new best accuracy
2022-05-24 15:27:20,317:INFO: Epoch 2/10
2022-05-24 15:27:30,047:INFO: - Train metrics: accuracy: 0.750 ; precision: 0.458 ; recall: 0.271 ; f1: 0.337 ; loss: 0.559
2022-05-24 15:27:37,226:INFO: - Eval metrics : accuracy: 0.445 ; precision: 0.404 ; recall: 0.885 ; f1: 0.539 ; loss: 0.697
2022-05-24 15:27:37,230:INFO: - Found new best accuracy
2022-05-24 15:27:37,230:INFO: Epoch 3/10
2022-05-24 15:27:46,831:INFO: - Train metrics: accuracy: 0.672 ; precision: 0.000 ; recall: 0.000 ; f1: 0.000 ; loss: 0.618
2022-05-24 15:27:53,995:INFO: - Eval metrics : accuracy: 0.404 ; precision: 0.388 ; recall: 0.915 ; f1: 0.529 ; loss: 0.703
2022-05-24 15:27:53,999:INFO: Epoch 4/10
2022-05-24 15:28:03,682:INFO: - Train metrics: accuracy: 0.641 ; precision: 0.000 ; recall: 0.000 ; f1: 0.000 ; loss: 0.640
2022-05-24 15:28:10,852:INFO: - Eval metrics : accuracy: 0.467 ; precision: 0.394 ; recall: 0.678 ; f1: 0.480 ; loss: 0.697
2022-05-24 15:28:10,855:INFO: - Found new best accuracy
2022-05-24 15:28:10,855:INFO: Epoch 5/10
2022-05-24 15:28:20,443:INFO: - Train metrics: accuracy: 0.656 ; precision: 0.125 ; recall: 0.062 ; f1: 0.083 ; loss: 0.658
2022-05-24 15:28:27,615:INFO: - Eval metrics : accuracy: 0.488 ; precision: 0.379 ; recall: 0.489 ; f1: 0.407 ; loss: 0.695
2022-05-24 15:28:27,620:INFO: - Found new best accuracy
2022-05-24 15:28:27,620:INFO: Epoch 6/10
2022-05-24 15:28:37,198:INFO: - Train metrics: accuracy: 0.688 ; precision: 0.146 ; recall: 0.104 ; f1: 0.118 ; loss: 0.631
2022-05-24 15:28:44,331:INFO: - Eval metrics : accuracy: 0.606 ; precision: 0.237 ; recall: 0.045 ; f1: 0.075 ; loss: 0.684
2022-05-24 15:28:44,335:INFO: - Found new best accuracy
2022-05-24 15:28:44,335:INFO: Epoch 7/10
2022-05-24 15:28:53,867:INFO: - Train metrics: accuracy: 0.719 ; precision: 0.375 ; recall: 0.167 ; f1: 0.229 ; loss: 0.586
2022-05-24 15:29:01,001:INFO: - Eval metrics : accuracy: 0.606 ; precision: 0.281 ; recall: 0.079 ; f1: 0.117 ; loss: 0.681
2022-05-24 15:29:01,004:INFO: - Found new best accuracy
2022-05-24 15:29:01,005:INFO: Epoch 8/10
2022-05-24 15:29:10,538:INFO: - Train metrics: accuracy: 0.688 ; precision: 0.125 ; recall: 0.083 ; f1: 0.100 ; loss: 0.595
2022-05-24 15:29:17,668:INFO: - Eval metrics : accuracy: 0.612 ; precision: 0.000 ; recall: 0.000 ; f1: 0.000 ; loss: 0.677
2022-05-24 15:29:17,671:INFO: - Found new best accuracy
2022-05-24 15:29:17,671:INFO: Epoch 9/10
2022-05-24 15:29:27,209:INFO: - Train metrics: accuracy: 0.703 ; precision: 0.571 ; recall: 0.271 ; f1: 0.316 ; loss: 0.551
2022-05-24 15:29:34,332:INFO: - Eval metrics : accuracy: 0.611 ; precision: 0.145 ; recall: 0.023 ; f1: 0.039 ; loss: 0.678
2022-05-24 15:29:34,336:INFO: Epoch 10/10
2022-05-24 15:29:43,869:INFO: - Train metrics: accuracy: 0.641 ; precision: 0.000 ; recall: 0.000 ; f1: 0.000 ; loss: 0.620
2022-05-24 15:29:51,014:INFO: - Eval metrics : accuracy: 0.614 ; precision: 0.145 ; recall: 0.020 ; f1: 0.035 ; loss: 0.675
2022-05-24 15:29:51,018:INFO: - Found new best accuracy
2022-05-24 15:30:52,605:INFO: Loading the datasets...
2022-05-24 15:30:52,609:INFO: - done.
2022-05-24 15:30:52,610:INFO: Starting training for 10 epoch(s)
2022-05-24 15:30:52,611:INFO: Epoch 1/10
2022-05-24 15:32:45,544:INFO: - Train metrics: accuracy: 0.583 ; precision: 0.336 ; recall: 0.186 ; f1: 0.213 ; loss: 0.704
2022-05-24 15:32:53,470:INFO: - Eval metrics : accuracy: 0.474 ; precision: 0.410 ; recall: 0.712 ; f1: 0.497 ; loss: 0.694
2022-05-24 15:32:53,477:INFO: - Found new best accuracy
2022-05-24 15:32:53,478:INFO: Epoch 2/10
2022-05-24 15:34:45,075:INFO: - Train metrics: accuracy: 0.623 ; precision: 0.315 ; recall: 0.177 ; f1: 0.203 ; loss: 0.678
2022-05-24 15:34:52,988:INFO: - Eval metrics : accuracy: 0.612 ; precision: 0.000 ; recall: 0.000 ; f1: 0.000 ; loss: 0.677
2022-05-24 15:34:52,993:INFO: - Found new best accuracy
2022-05-24 15:34:52,994:INFO: Epoch 3/10
2022-05-24 15:36:44,584:INFO: - Train metrics: accuracy: 0.644 ; precision: 0.394 ; recall: 0.124 ; f1: 0.173 ; loss: 0.657
2022-05-24 15:36:52,485:INFO: - Eval metrics : accuracy: 0.612 ; precision: 0.000 ; recall: 0.000 ; f1: 0.000 ; loss: 0.670
2022-05-24 15:36:52,489:INFO: - Found new best accuracy
2022-05-24 15:36:52,490:INFO: Epoch 4/10
2022-05-24 15:38:44,210:INFO: - Train metrics: accuracy: 0.628 ; precision: 0.110 ; recall: 0.029 ; f1: 0.042 ; loss: 0.668
2022-05-24 15:38:52,135:INFO: - Eval metrics : accuracy: 0.612 ; precision: 0.000 ; recall: 0.000 ; f1: 0.000 ; loss: 0.673
2022-05-24 15:38:52,140:INFO: - Found new best accuracy
2022-05-24 15:38:52,141:INFO: Epoch 5/10
2022-05-24 15:40:43,745:INFO: - Train metrics: accuracy: 0.636 ; precision: 0.000 ; recall: 0.000 ; f1: 0.000 ; loss: 0.668
2022-05-24 15:40:51,641:INFO: - Eval metrics : accuracy: 0.612 ; precision: 0.000 ; recall: 0.000 ; f1: 0.000 ; loss: 0.677
2022-05-24 15:40:51,645:INFO: - Found new best accuracy
2022-05-24 15:40:51,647:INFO: Epoch 6/10
2022-05-24 15:42:44,337:INFO: - Train metrics: accuracy: 0.637 ; precision: 0.000 ; recall: 0.000 ; f1: 0.000 ; loss: 0.660
2022-05-24 15:42:52,370:INFO: - Eval metrics : accuracy: 0.612 ; precision: 0.000 ; recall: 0.000 ; f1: 0.000 ; loss: 0.681
2022-05-24 15:42:52,374:INFO: - Found new best accuracy
2022-05-24 15:42:52,375:INFO: Epoch 7/10
2022-05-24 15:44:44,484:INFO: - Train metrics: accuracy: 0.639 ; precision: 0.000 ; recall: 0.000 ; f1: 0.000 ; loss: 0.666
2022-05-24 15:44:52,387:INFO: - Eval metrics : accuracy: 0.612 ; precision: 0.000 ; recall: 0.000 ; f1: 0.000 ; loss: 0.674
2022-05-24 15:44:52,390:INFO: - Found new best accuracy
2022-05-24 15:44:52,392:INFO: Epoch 8/10
2022-05-24 15:46:43,923:INFO: - Train metrics: accuracy: 0.637 ; precision: 0.000 ; recall: 0.000 ; f1: 0.000 ; loss: 0.660
2022-05-24 15:46:51,833:INFO: - Eval metrics : accuracy: 0.612 ; precision: 0.000 ; recall: 0.000 ; f1: 0.000 ; loss: 0.681
2022-05-24 15:46:51,837:INFO: - Found new best accuracy
2022-05-24 15:46:51,838:INFO: Epoch 9/10
